<?xml version="1.0" encoding="UTF-8"?>
<coverage generated="1675101780845" clover="3.2.0">
  <project timestamp="1675101780845" name="All files">
    <metrics statements="35" coveredstatements="32" conditionals="29" coveredconditionals="26" methods="4" coveredmethods="4" elements="68" coveredelements="62" complexity="0" loc="35" ncloc="35" packages="3" files="3" classes="3"/>
    <package name="src.nlp-utils.sentence-tokeniser">
      <metrics statements="33" coveredstatements="30" conditionals="29" coveredconditionals="26" methods="4" coveredmethods="4"/>
      <file name="sentence-tokeniser.mjs" path="/Users/srebelo/Documents/localhost/evo-poster/src/nlp-utils/sentence-tokeniser/sentence-tokeniser.mjs">
        <metrics statements="33" coveredstatements="30" conditionals="29" coveredconditionals="26" methods="4" coveredmethods="4"/>
        <line num="17" count="1" type="stmt"/>
        <line num="27" count="1" type="cond" truecount="2" falsecount="0"/>
        <line num="28" count="400" type="cond" truecount="3" falsecount="1"/>
        <line num="29" count="400" type="stmt"/>
        <line num="30" count="400" type="stmt"/>
        <line num="31" count="400" type="stmt"/>
        <line num="32" count="600" type="cond" truecount="1" falsecount="1"/>
        <line num="33" count="600" type="stmt"/>
        <line num="34" count="600" type="stmt"/>
        <line num="35" count="600" type="stmt"/>
        <line num="36" count="600" type="stmt"/>
        <line num="37" count="600" type="stmt"/>
        <line num="38" count="19600" type="cond" truecount="2" falsecount="0"/>
        <line num="40" count="600" type="cond" truecount="1" falsecount="1"/>
        <line num="42" count="0" type="stmt"/>
        <line num="43" count="0" type="stmt"/>
        <line num="45" count="600" type="stmt"/>
        <line num="48" count="19000" type="cond" truecount="2" falsecount="0"/>
        <line num="51" count="600" type="stmt"/>
        <line num="53" count="18400" type="cond" truecount="2" falsecount="0"/>
        <line num="60" count="3702" type="stmt"/>
        <line num="61" count="3702" type="stmt"/>
        <line num="62" count="14698" type="cond" truecount="2" falsecount="0"/>
        <line num="69" count="47" type="stmt"/>
        <line num="70" count="47" type="stmt"/>
        <line num="72" count="14651" type="stmt"/>
        <line num="75" count="19600" type="cond" truecount="2" falsecount="0"/>
        <line num="76" count="19600" type="stmt"/>
        <line num="77" count="19600" type="stmt"/>
        <line num="80" count="600" type="stmt"/>
        <line num="81" count="4349" type="stmt"/>
        <line num="84" count="0" type="stmt"/>
        <line num="87" count="400" type="stmt"/>
      </file>
    </package>
    <package name="src.nlp-utils.sentence-tokeniser.data">
      <metrics statements="1" coveredstatements="1" conditionals="0" coveredconditionals="0" methods="0" coveredmethods="0"/>
      <file name="default-line-split-params.cjs" path="/Users/srebelo/Documents/localhost/evo-poster/src/nlp-utils/sentence-tokeniser/data/default-line-split-params.cjs">
        <metrics statements="1" coveredstatements="1" conditionals="0" coveredconditionals="0" methods="0" coveredmethods="0"/>
        <line num="1" count="1" type="stmt"/>
      </file>
    </package>
    <package name="test">
      <metrics statements="1" coveredstatements="1" conditionals="0" coveredconditionals="0" methods="0" coveredmethods="0"/>
      <file name="testing-text.js" path="/Users/srebelo/Documents/localhost/evo-poster/test/testing-text.js">
        <metrics statements="1" coveredstatements="1" conditionals="0" coveredconditionals="0" methods="0" coveredmethods="0"/>
        <line num="12" count="1" type="stmt"/>
      </file>
    </package>
  </project>
</coverage>
