{"/Users/srebelo/Documents/localhost/evo-poster/src/nlp-utils/sentence-tokeniser/sentence-tokeniser.mjs": {"path":"/Users/srebelo/Documents/localhost/evo-poster/src/nlp-utils/sentence-tokeniser/sentence-tokeniser.mjs","statementMap":{"0":{"start":{"line":17,"column":16},"end":{"line":24,"column":1}},"1":{"start":{"line":27,"column":18},"end":{"line":88,"column":1}},"2":{"start":{"line":28,"column":4},"end":{"line":28,"column":83}},"3":{"start":{"line":28,"column":43},"end":{"line":28,"column":83}},"4":{"start":{"line":29,"column":20},"end":{"line":29,"column":69}},"5":{"start":{"line":30,"column":14},"end":{"line":30,"column":16}},"6":{"start":{"line":31,"column":4},"end":{"line":86,"column":7}},"7":{"start":{"line":32,"column":8},"end":{"line":85,"column":9}},"8":{"start":{"line":33,"column":29},"end":{"line":33,"column":30}},"9":{"start":{"line":34,"column":24},"end":{"line":34,"column":26}},"10":{"start":{"line":35,"column":20},"end":{"line":35,"column":21}},"11":{"start":{"line":36,"column":27},"end":{"line":36,"column":39}},"12":{"start":{"line":37,"column":12},"end":{"line":78,"column":15}},"13":{"start":{"line":38,"column":16},"end":{"line":73,"column":17}},"14":{"start":{"line":40,"column":20},"end":{"line":46,"column":21}},"15":{"start":{"line":42,"column":24},"end":{"line":42,"column":28}},"16":{"start":{"line":43,"column":24},"end":{"line":43,"column":39}},"17":{"start":{"line":45,"column":24},"end":{"line":45,"column":37}},"18":{"start":{"line":48,"column":21},"end":{"line":73,"column":17}},"19":{"start":{"line":51,"column":20},"end":{"line":51,"column":34}},"20":{"start":{"line":53,"column":21},"end":{"line":73,"column":17}},"21":{"start":{"line":60,"column":20},"end":{"line":60,"column":24}},"22":{"start":{"line":61,"column":20},"end":{"line":61,"column":35}},"23":{"start":{"line":62,"column":23},"end":{"line":73,"column":17}},"24":{"start":{"line":69,"column":20},"end":{"line":69,"column":24}},"25":{"start":{"line":70,"column":20},"end":{"line":70,"column":35}},"26":{"start":{"line":72,"column":20},"end":{"line":72,"column":34}},"27":{"start":{"line":75,"column":16},"end":{"line":75,"column":42}},"28":{"start":{"line":76,"column":16},"end":{"line":76,"column":36}},"29":{"start":{"line":77,"column":16},"end":{"line":77,"column":48}},"30":{"start":{"line":80,"column":12},"end":{"line":82,"column":16}},"31":{"start":{"line":81,"column":16},"end":{"line":81,"column":38}},"32":{"start":{"line":84,"column":12},"end":{"line":84,"column":24}},"33":{"start":{"line":87,"column":4},"end":{"line":87,"column":15}}},"fnMap":{"0":{"name":"(anonymous_0)","decl":{"start":{"line":27,"column":18},"end":{"line":27,"column":19}},"loc":{"start":{"line":27,"column":86},"end":{"line":88,"column":1}},"line":27},"1":{"name":"(anonymous_1)","decl":{"start":{"line":31,"column":28},"end":{"line":31,"column":29}},"loc":{"start":{"line":31,"column":35},"end":{"line":86,"column":5}},"line":31},"2":{"name":"(anonymous_2)","decl":{"start":{"line":37,"column":28},"end":{"line":37,"column":29}},"loc":{"start":{"line":37,"column":41},"end":{"line":78,"column":13}},"line":37},"3":{"name":"(anonymous_3)","decl":{"start":{"line":80,"column":31},"end":{"line":80,"column":32}},"loc":{"start":{"line":80,"column":41},"end":{"line":82,"column":13}},"line":80}},"branchMap":{"0":{"loc":{"start":{"line":27,"column":30},"end":{"line":27,"column":60}},"type":"default-arg","locations":[{"start":{"line":27,"column":39},"end":{"line":27,"column":60}}],"line":27},"1":{"loc":{"start":{"line":27,"column":62},"end":{"line":27,"column":81}},"type":"default-arg","locations":[{"start":{"line":27,"column":74},"end":{"line":27,"column":81}}],"line":27},"2":{"loc":{"start":{"line":28,"column":4},"end":{"line":28,"column":83}},"type":"if","locations":[{"start":{"line":28,"column":4},"end":{"line":28,"column":83}},{"start":{},"end":{}}],"line":28},"3":{"loc":{"start":{"line":28,"column":8},"end":{"line":28,"column":41}},"type":"binary-expr","locations":[{"start":{"line":28,"column":8},"end":{"line":28,"column":20}},{"start":{"line":28,"column":24},"end":{"line":28,"column":41}}],"line":28},"4":{"loc":{"start":{"line":32,"column":8},"end":{"line":85,"column":9}},"type":"if","locations":[{"start":{"line":32,"column":8},"end":{"line":85,"column":9}},{"start":{"line":83,"column":15},"end":{"line":85,"column":9}}],"line":32},"5":{"loc":{"start":{"line":38,"column":16},"end":{"line":73,"column":17}},"type":"if","locations":[{"start":{"line":38,"column":16},"end":{"line":73,"column":17}},{"start":{"line":48,"column":21},"end":{"line":73,"column":17}}],"line":38},"6":{"loc":{"start":{"line":40,"column":20},"end":{"line":46,"column":21}},"type":"if","locations":[{"start":{"line":40,"column":20},"end":{"line":46,"column":21}},{"start":{"line":44,"column":27},"end":{"line":46,"column":21}}],"line":40},"7":{"loc":{"start":{"line":48,"column":21},"end":{"line":73,"column":17}},"type":"if","locations":[{"start":{"line":48,"column":21},"end":{"line":73,"column":17}},{"start":{"line":53,"column":21},"end":{"line":73,"column":17}}],"line":48},"8":{"loc":{"start":{"line":53,"column":21},"end":{"line":73,"column":17}},"type":"if","locations":[{"start":{"line":53,"column":21},"end":{"line":73,"column":17}},{"start":{"line":62,"column":23},"end":{"line":73,"column":17}}],"line":53},"9":{"loc":{"start":{"line":54,"column":20},"end":{"line":55,"column":112}},"type":"binary-expr","locations":[{"start":{"line":54,"column":20},"end":{"line":54,"column":62}},{"start":{"line":55,"column":21},"end":{"line":55,"column":60}},{"start":{"line":55,"column":64},"end":{"line":55,"column":111}}],"line":54},"10":{"loc":{"start":{"line":62,"column":23},"end":{"line":73,"column":17}},"type":"if","locations":[{"start":{"line":62,"column":23},"end":{"line":73,"column":17}},{"start":{"line":71,"column":23},"end":{"line":73,"column":17}}],"line":62},"11":{"loc":{"start":{"line":63,"column":20},"end":{"line":65,"column":112}},"type":"binary-expr","locations":[{"start":{"line":63,"column":22},"end":{"line":63,"column":68}},{"start":{"line":63,"column":74},"end":{"line":63,"column":161}},{"start":{"line":64,"column":21},"end":{"line":64,"column":72}},{"start":{"line":64,"column":76},"end":{"line":64,"column":125}},{"start":{"line":65,"column":21},"end":{"line":65,"column":60}},{"start":{"line":65,"column":64},"end":{"line":65,"column":111}}],"line":63},"12":{"loc":{"start":{"line":75,"column":27},"end":{"line":75,"column":41}},"type":"binary-expr","locations":[{"start":{"line":75,"column":27},"end":{"line":75,"column":35}},{"start":{"line":75,"column":39},"end":{"line":75,"column":41}}],"line":75}},"s":{"0":1,"1":1,"2":400,"3":0,"4":400,"5":400,"6":400,"7":600,"8":600,"9":600,"10":600,"11":600,"12":600,"13":19600,"14":600,"15":0,"16":0,"17":600,"18":19000,"19":600,"20":18400,"21":3702,"22":3702,"23":14698,"24":47,"25":47,"26":14651,"27":19600,"28":19600,"29":19600,"30":600,"31":4349,"32":0,"33":400},"f":{"0":400,"1":600,"2":19600,"3":4349},"b":{"0":[400],"1":[400],"2":[0,400],"3":[400,400],"4":[600,0],"5":[600,19000],"6":[0,600],"7":[600,18400],"8":[3702,14698],"9":[18400,5801,2213],"10":[47,14651],"11":[14698,5077,1841,1688,193,155],"12":[19600,4349]},"inputSourceMap":null,"_coverageSchema":"1a1c01bbd47fc00a2c39e90264f33305004495a9","hash":"ecae42438f198c09b918efb918a0fe9c9806f62b"}
,"/Users/srebelo/Documents/localhost/evo-poster/src/nlp-utils/sentence-tokeniser/data/default-line-split-params.cjs": {"path":"/Users/srebelo/Documents/localhost/evo-poster/src/nlp-utils/sentence-tokeniser/data/default-line-split-params.cjs","statementMap":{"0":{"start":{"line":1,"column":0},"end":{"line":13,"column":1}}},"fnMap":{},"branchMap":{},"s":{"0":1},"f":{},"b":{},"inputSourceMap":null,"_coverageSchema":"1a1c01bbd47fc00a2c39e90264f33305004495a9","hash":"2b180f51ab979b7f8aba5679222fade15407acdc"}
,"/Users/srebelo/Documents/localhost/evo-poster/test/testing-text.js": {"path":"/Users/srebelo/Documents/localhost/evo-poster/test/testing-text.js","statementMap":{"0":{"start":{"line":12,"column":13},"end":{"line":113,"column":1}}},"fnMap":{},"branchMap":{},"s":{"0":1},"f":{},"b":{},"_coverageSchema":"1a1c01bbd47fc00a2c39e90264f33305004495a9","hash":"fdc71c7d50cb47cc24e53407ccbbf93a203abc55"}
}
