TN:
SF:src/nlp-utils/sentence-tokeniser/sentence-tokeniser.mjs
FN:27,(anonymous_0)
FN:31,(anonymous_1)
FN:37,(anonymous_2)
FN:80,(anonymous_3)
FNF:4
FNH:4
FNDA:400,(anonymous_0)
FNDA:600,(anonymous_1)
FNDA:19600,(anonymous_2)
FNDA:4349,(anonymous_3)
DA:17,1
DA:27,1
DA:28,400
DA:29,400
DA:30,400
DA:31,400
DA:32,600
DA:33,600
DA:34,600
DA:35,600
DA:36,600
DA:37,600
DA:38,19600
DA:40,600
DA:42,0
DA:43,0
DA:45,600
DA:48,19000
DA:51,600
DA:53,18400
DA:60,3702
DA:61,3702
DA:62,14698
DA:69,47
DA:70,47
DA:72,14651
DA:75,19600
DA:76,19600
DA:77,19600
DA:80,600
DA:81,4349
DA:84,0
DA:87,400
LF:33
LH:30
BRDA:27,0,0,400
BRDA:27,1,0,400
BRDA:28,2,0,0
BRDA:28,2,1,400
BRDA:28,3,0,400
BRDA:28,3,1,400
BRDA:32,4,0,600
BRDA:32,4,1,0
BRDA:38,5,0,600
BRDA:38,5,1,19000
BRDA:40,6,0,0
BRDA:40,6,1,600
BRDA:48,7,0,600
BRDA:48,7,1,18400
BRDA:53,8,0,3702
BRDA:53,8,1,14698
BRDA:54,9,0,18400
BRDA:54,9,1,5801
BRDA:54,9,2,2213
BRDA:62,10,0,47
BRDA:62,10,1,14651
BRDA:63,11,0,14698
BRDA:63,11,1,5077
BRDA:63,11,2,1841
BRDA:63,11,3,1688
BRDA:63,11,4,193
BRDA:63,11,5,155
BRDA:75,12,0,19600
BRDA:75,12,1,4349
BRF:29
BRH:26
end_of_record
TN:
SF:src/nlp-utils/sentence-tokeniser/data/default-line-split-params.cjs
FNF:0
FNH:0
DA:1,1
LF:1
LH:1
BRF:0
BRH:0
end_of_record
TN:
SF:test/testing-text.js
FNF:0
FNH:0
DA:12,1
LF:1
LH:1
BRF:0
BRH:0
end_of_record
